COLD START launching...
PC renderer: direct3d (accelerated)
IMG_Load(romfs/sprites/tiles/wood.png): Couldn't open romfs/sprites/tiles/wood.png
IMG_Load(sprites/tiles/wood.png): Couldn't open sprites/tiles/wood.png
Failed to load texture: sprites/tiles/wood.png
IMG_Load(romfs/sprites/tiles/sand.png): Couldn't open romfs/sprites/tiles/sand.png
IMG_Load(sprites/tiles/sand.png): Couldn't open sprites/tiles/sand.png
Failed to load texture: sprites/tiles/sand.png
IMG_Load(romfs/sprites/tiles/glass.png): Couldn't open romfs/sprites/tiles/glass.png
IMG_Load(sprites/tiles/glass.png): Couldn't open sprites/tiles/glass.png
Failed to load texture: sprites/tiles/glass.png
IMG_Load(romfs/sprites/tiles/desk.png): Couldn't open romfs/sprites/tiles/desk.png
IMG_Load(sprites/tiles/desk.png): Couldn't open sprites/tiles/desk.png
Failed to load texture: sprites/tiles/desk.png
Loaded 1 saved servers
IMG_Load(romfs/sprites/tiles/grass.png): Couldn't open romfs/sprites/tiles/grass.png
IMG_Load(sprites/tiles/grass.png): Couldn't open sprites/tiles/grass.png
Failed to load texture: sprites/tiles/grass.png
IMG_Load(romfs/sprites/tiles/floor.png): Couldn't open romfs/sprites/tiles/floor.png
IMG_Load(sprites/tiles/floor.png): Couldn't open sprites/tiles/floor.png
Failed to load texture: sprites/tiles/floor.png
IMG_Load(romfs/sprites/tiles/gravel.png): Couldn't open romfs/sprites/tiles/gravel.png
IMG_Load(sprites/tiles/gravel.png): Couldn't open sprites/tiles/gravel.png
Failed to load texture: sprites/tiles/gravel.png
IMG_Load(romfs/sprites/tiles/wood.png): Couldn't open romfs/sprites/tiles/wood.png
IMG_Load(sprites/tiles/wood.png): Couldn't open sprites/tiles/wood.png
Failed to load texture: sprites/tiles/wood.png
IMG_Load(romfs/sprites/tiles/sand.png): Couldn't open romfs/sprites/tiles/sand.png
IMG_Load(sprites/tiles/sand.png): Couldn't open sprites/tiles/sand.png
Failed to load texture: sprites/tiles/sand.png
IMG_Load(romfs/sprites/tiles/floor.png): Couldn't open romfs/sprites/tiles/floor.png
IMG_Load(sprites/tiles/floor.png): Couldn't open sprites/tiles/floor.png
Failed to load texture: sprites/tiles/floor.png
IMG_Load(romfs/sprites/tiles/glasstile.png): Couldn't open romfs/sprites/tiles/glasstile.png
IMG_Load(sprites/tiles/glasstile.png): Couldn't open sprites/tiles/glasstile.png
Failed to load texture: sprites/tiles/glasstile.png
IMG_Load(romfs/sprites/tiles/desk.png): Couldn't open romfs/sprites/tiles/desk.png
IMG_Load(sprites/tiles/desk.png): Couldn't open sprites/tiles/desk.png
Failed to load texture: sprites/tiles/desk.png
Editor palette: 11 tiles loaded
Cannot scan character directory: characters
Cannot scan character directory: romfs:/characters
Found 0 characters
ModManager: 0 mods found
Mods initialized (0 loaded)
Found 0 map files
Network: ENet initialized
Multiplayer initialized
Found 0 map files
Network: Hosting on port 7777 (max 7 clients)
Hosting game on port 7777
Network: Player 1 connected
[NET] Player joined: Player 1 (id=1)
Network: Sent lobby settings sync
Network: Player 1 is 'pc'
Network: Disconnected
